Build started 9/19/2016 4:01:59 PM.
     1>Project "C:\Users\marta\OneDrive\Documents\CSCI3110\OLA2\OLA2\OLA2.vcxproj" on node 2 (Rebuild target(s)).
     1>ClCompile:
         C:\Program Files (x86)\Microsoft Visual Studio 12.0\VC\bin\CL.exe /c /ZI /nologo /W3 /WX- /sdl /Od /Oy- /D _MBCS /Gm /EHsc /RTC1 /MDd /GS /fp:precise /Zc:wchar_t /Zc:forScope /Fo"Debug\\" /Fd"Debug\vc120.pdb" /Gd /TP /analyze- /errorReport:prompt Card.cpp Deck.cpp ola2.cpp Player.cpp
         Player.cpp
     1>c:\users\marta\onedrive\documents\csci3110\ola2\ola2\player.cpp(25): warning C4244: 'argument' : conversion from 'time_t' to 'unsigned int', possible loss of data
         ola2.cpp
         Deck.cpp
         Card.cpp
         Generating Code...
     1>c:\users\marta\onedrive\documents\csci3110\ola2\ola2\player.cpp(80): warning C4715: 'operator<<' : not all control paths return a value
       Link:
         C:\Program Files (x86)\Microsoft Visual Studio 12.0\VC\bin\link.exe /ERRORREPORT:PROMPT /OUT:"C:\Users\marta\OneDrive\Documents\CSCI3110\OLA2\Debug\OLA2.exe" /INCREMENTAL /NOLOGO kernel32.lib user32.lib gdi32.lib winspool.lib comdlg32.lib advapi32.lib shell32.lib ole32.lib oleaut32.lib uuid.lib odbc32.lib odbccp32.lib /MANIFEST /MANIFESTUAC:"level='asInvoker' uiAccess='false'" /manifest:embed /DEBUG /PDB:"C:\Users\marta\OneDrive\Documents\CSCI3110\OLA2\Debug\OLA2.pdb" /TLBID:1 /DYNAMICBASE /NXCOMPAT /IMPLIB:"C:\Users\marta\OneDrive\Documents\CSCI3110\OLA2\Debug\OLA2.lib" /MACHINE:X86 Debug\Card.obj
         Debug\Deck.obj
         Debug\ola2.obj
         Debug\Player.obj
         OLA2.vcxproj -> C:\Users\marta\OneDrive\Documents\CSCI3110\OLA2\Debug\OLA2.exe
     1>Done Building Project "C:\Users\marta\OneDrive\Documents\CSCI3110\OLA2\OLA2\OLA2.vcxproj" (Rebuild target(s)).

Build succeeded.

Time Elapsed 00:00:02.63
